
*** Running vivado
    with args -log top_bcdCounter.vds -m64 -mode batch -messageDb vivado.pb -notrace -source top_bcdCounter.tcl

WARNING: Default location for XILINX_VIVADO_HLS not found: 

****** Vivado v2015.2 (64-bit)
  **** SW Build 1266856 on Fri Jun 26 16:35:25 MDT 2015
  **** IP Build 1264090 on Wed Jun 24 14:22:01 MDT 2015
    ** Copyright 1986-2015 Xilinx, Inc. All Rights Reserved.

source top_bcdCounter.tcl -notrace
Command: synth_design -top top_bcdCounter -part xc7a35tcpg236-1
Starting synth_design
Attempting to get a license for feature 'Synthesis' and/or device 'xc7a35t'
INFO: [Common 17-349] Got license for feature 'Synthesis' and/or device 'xc7a35t'
---------------------------------------------------------------------------------
Starting RTL Elaboration : Time (s): cpu = 00:00:03 ; elapsed = 00:00:04 . Memory (MB): peak = 239.969 ; gain = 64.242
---------------------------------------------------------------------------------
INFO: [Synth 8-638] synthesizing module 'top_bcdCounter' [C:/Users/Peter/Documents/15_16Sophomore/EECE2030/bcdCounter/bcdCounter.srcs/sources_1/new/top_bcdCounter.vhd:44]
INFO: [Synth 8-3491] module 'clocks' declared at 'C:/Users/Peter/Documents/15_16Sophomore/EECE2030/bcdCounter/bcdCounter.srcs/sources_1/new/clocks.vhd:36' bound to instance 'u1' of component 'clocks' [C:/Users/Peter/Documents/15_16Sophomore/EECE2030/bcdCounter/bcdCounter.srcs/sources_1/new/top_bcdCounter.vhd:70]
INFO: [Synth 8-638] synthesizing module 'clocks' [C:/Users/Peter/Documents/15_16Sophomore/EECE2030/bcdCounter/bcdCounter.srcs/sources_1/new/clocks.vhd:42]
INFO: [Synth 8-3491] module 'IBUFG' declared at 'C:/Xilinx/Vivado/2015.2/scripts/rt/data/unisim_comp.v:10639' bound to instance 'IBUF_OSC_CLK' of component 'IBUFG' [C:/Users/Peter/Documents/15_16Sophomore/EECE2030/bcdCounter/bcdCounter.srcs/sources_1/new/clocks.vhd:58]
INFO: [Synth 8-638] synthesizing module 'IBUFG' [C:/Xilinx/Vivado/2015.2/scripts/rt/data/unisim_comp.v:10639]
	Parameter CAPACITANCE bound to: DONT_CARE - type: string 
	Parameter IBUF_DELAY_VALUE bound to: 0 - type: string 
	Parameter IBUF_LOW_PWR bound to: TRUE - type: string 
	Parameter IOSTANDARD bound to: DEFAULT - type: string 
INFO: [Synth 8-256] done synthesizing module 'IBUFG' (1#1) [C:/Xilinx/Vivado/2015.2/scripts/rt/data/unisim_comp.v:10639]
INFO: [Synth 8-256] done synthesizing module 'clocks' (2#1) [C:/Users/Peter/Documents/15_16Sophomore/EECE2030/bcdCounter/bcdCounter.srcs/sources_1/new/clocks.vhd:42]
INFO: [Synth 8-3491] module 'increment' declared at 'C:/Users/Peter/Documents/15_16Sophomore/EECE2030/bcdCounter/bcdCounter.srcs/sources_1/new/increment.vhd:36' bound to instance 'u2' of component 'increment' [C:/Users/Peter/Documents/15_16Sophomore/EECE2030/bcdCounter/bcdCounter.srcs/sources_1/new/top_bcdCounter.vhd:76]
INFO: [Synth 8-638] synthesizing module 'increment' [C:/Users/Peter/Documents/15_16Sophomore/EECE2030/bcdCounter/bcdCounter.srcs/sources_1/new/increment.vhd:41]
INFO: [Synth 8-256] done synthesizing module 'increment' (3#1) [C:/Users/Peter/Documents/15_16Sophomore/EECE2030/bcdCounter/bcdCounter.srcs/sources_1/new/increment.vhd:41]
INFO: [Synth 8-3491] module 'decoder' declared at 'C:/Users/Peter/Documents/15_16Sophomore/EECE2030/bcdCounter/bcdCounter.srcs/sources_1/new/decoder.vhd:34' bound to instance 'u3' of component 'decoder' [C:/Users/Peter/Documents/15_16Sophomore/EECE2030/bcdCounter/bcdCounter.srcs/sources_1/new/top_bcdCounter.vhd:83]
INFO: [Synth 8-638] synthesizing module 'decoder' [C:/Users/Peter/Documents/15_16Sophomore/EECE2030/bcdCounter/bcdCounter.srcs/sources_1/new/decoder.vhd:39]
INFO: [Synth 8-226] default block is never used [C:/Users/Peter/Documents/15_16Sophomore/EECE2030/bcdCounter/bcdCounter.srcs/sources_1/new/decoder.vhd:45]
INFO: [Synth 8-256] done synthesizing module 'decoder' (4#1) [C:/Users/Peter/Documents/15_16Sophomore/EECE2030/bcdCounter/bcdCounter.srcs/sources_1/new/decoder.vhd:39]
INFO: [Synth 8-256] done synthesizing module 'top_bcdCounter' (5#1) [C:/Users/Peter/Documents/15_16Sophomore/EECE2030/bcdCounter/bcdCounter.srcs/sources_1/new/top_bcdCounter.vhd:44]
WARNING: [Synth 8-3917] design top_bcdCounter has port an[3] driven by constant 0
WARNING: [Synth 8-3917] design top_bcdCounter has port an[2] driven by constant 0
WARNING: [Synth 8-3917] design top_bcdCounter has port an[1] driven by constant 0
WARNING: [Synth 8-3917] design top_bcdCounter has port an[0] driven by constant 0
WARNING: [Synth 8-3917] design top_bcdCounter has port dp driven by constant 1
---------------------------------------------------------------------------------
Finished RTL Elaboration : Time (s): cpu = 00:00:04 ; elapsed = 00:00:04 . Memory (MB): peak = 274.297 ; gain = 98.570
---------------------------------------------------------------------------------

Report Check Netlist: 
+------+------------------+-------+---------+-------+------------------+
|      |Item              |Errors |Warnings |Status |Description       |
+------+------------------+-------+---------+-------+------------------+
|1     |multi_driven_nets |      0|        0|Passed |Multi driven nets |
+------+------------------+-------+---------+-------+------------------+
---------------------------------------------------------------------------------
Finished RTL Optimization Phase 1 : Time (s): cpu = 00:00:04 ; elapsed = 00:00:04 . Memory (MB): peak = 274.297 ; gain = 98.570
---------------------------------------------------------------------------------
INFO: [Netlist 29-17] Analyzing 1 Unisim elements for replacement
INFO: [Netlist 29-28] Unisim Transformation completed in 0 CPU seconds
INFO: [Device 21-403] Loading part xc7a35tcpg236-1
INFO: [Project 1-570] Preparing netlist for logic optimization

Processing XDC Constraints
Initializing timing engine
Parsing XDC File [C:/Users/Peter/Documents/15_16Sophomore/EECE2030/bcdCounter/bcdCounter.srcs/constrs_1/imports/EECE2030/Basys3_Master.xdc]
Finished Parsing XDC File [C:/Users/Peter/Documents/15_16Sophomore/EECE2030/bcdCounter/bcdCounter.srcs/constrs_1/imports/EECE2030/Basys3_Master.xdc]
Completed Processing XDC Constraints

INFO: [Project 1-111] Unisim Transformation Summary:
  A total of 1 instances were transformed.
  IBUFG => IBUF: 1 instances

Constraint Validation Runtime : Time (s): cpu = 00:00:00 ; elapsed = 00:00:00 . Memory (MB): peak = 560.371 ; gain = 0.000
---------------------------------------------------------------------------------
Finished Constraint Validation : Time (s): cpu = 00:00:09 ; elapsed = 00:00:10 . Memory (MB): peak = 560.371 ; gain = 384.645
---------------------------------------------------------------------------------
---------------------------------------------------------------------------------
Start Loading Part and Timing Information
---------------------------------------------------------------------------------
Loading part: xc7a35tcpg236-1
---------------------------------------------------------------------------------
Finished Loading Part and Timing Information : Time (s): cpu = 00:00:09 ; elapsed = 00:00:10 . Memory (MB): peak = 560.371 ; gain = 384.645
---------------------------------------------------------------------------------
---------------------------------------------------------------------------------
Start Applying 'set_property' XDC Constraints
---------------------------------------------------------------------------------
---------------------------------------------------------------------------------
Finished applying 'set_property' XDC Constraints : Time (s): cpu = 00:00:09 ; elapsed = 00:00:10 . Memory (MB): peak = 560.371 ; gain = 384.645
---------------------------------------------------------------------------------
---------------------------------------------------------------------------------
Finished RTL Optimization Phase 2 : Time (s): cpu = 00:00:09 ; elapsed = 00:00:10 . Memory (MB): peak = 560.371 ; gain = 384.645
---------------------------------------------------------------------------------

Report RTL Partitions: 
+-+--------------+------------+----------+
| |RTL Partition |Replication |Instances |
+-+--------------+------------+----------+
+-+--------------+------------+----------+
---------------------------------------------------------------------------------
Start RTL Component Statistics 
---------------------------------------------------------------------------------
Detailed RTL Component Info : 
+---Adders : 
	   2 Input      4 Bit       Adders := 1     
+---Registers : 
	                4 Bit    Registers := 1     
	                1 Bit    Registers := 1     
+---Muxes : 
	  16 Input      7 Bit        Muxes := 1     
---------------------------------------------------------------------------------
Finished RTL Component Statistics 
---------------------------------------------------------------------------------
---------------------------------------------------------------------------------
Start RTL Hierarchical Component Statistics 
---------------------------------------------------------------------------------
Hierarchical RTL Component report 
Module clocks 
Detailed RTL Component Info : 
+---Registers : 
	                1 Bit    Registers := 1     
Module increment 
Detailed RTL Component Info : 
+---Adders : 
	   2 Input      4 Bit       Adders := 1     
+---Registers : 
	                4 Bit    Registers := 1     
Module decoder 
Detailed RTL Component Info : 
+---Muxes : 
	  16 Input      7 Bit        Muxes := 1     
---------------------------------------------------------------------------------
Finished RTL Hierarchical Component Statistics
---------------------------------------------------------------------------------
---------------------------------------------------------------------------------
Start Part Resource Summary
---------------------------------------------------------------------------------
Part Resources:
DSPs: 120 (col length:60)
BRAMs: 150 (col length: RAMB18 60 RAMB36 30)
---------------------------------------------------------------------------------
Finished Part Resource Summary
---------------------------------------------------------------------------------
Start Parallel Synthesis Optimization  : Time (s): cpu = 00:00:10 ; elapsed = 00:00:10 . Memory (MB): peak = 560.371 ; gain = 384.645
---------------------------------------------------------------------------------
Start Cross Boundary Optimization
---------------------------------------------------------------------------------
WARNING: [Synth 8-3917] design top_bcdCounter has port an[3] driven by constant 0
WARNING: [Synth 8-3917] design top_bcdCounter has port an[2] driven by constant 0
WARNING: [Synth 8-3917] design top_bcdCounter has port an[1] driven by constant 0
WARNING: [Synth 8-3917] design top_bcdCounter has port an[0] driven by constant 0
WARNING: [Synth 8-3917] design top_bcdCounter has port dp driven by constant 1
---------------------------------------------------------------------------------
Finished Cross Boundary Optimization : Time (s): cpu = 00:00:10 ; elapsed = 00:00:10 . Memory (MB): peak = 560.371 ; gain = 384.645
---------------------------------------------------------------------------------
Finished Parallel Reinference  : Time (s): cpu = 00:00:10 ; elapsed = 00:00:10 . Memory (MB): peak = 560.371 ; gain = 384.645

Report RTL Partitions: 
+-+--------------+------------+----------+
| |RTL Partition |Replication |Instances |
+-+--------------+------------+----------+
+-+--------------+------------+----------+
---------------------------------------------------------------------------------
Start Area Optimization
---------------------------------------------------------------------------------
---------------------------------------------------------------------------------
Finished Area Optimization : Time (s): cpu = 00:00:10 ; elapsed = 00:00:10 . Memory (MB): peak = 560.371 ; gain = 384.645
---------------------------------------------------------------------------------
Finished Parallel Area Optimization  : Time (s): cpu = 00:00:10 ; elapsed = 00:00:10 . Memory (MB): peak = 560.371 ; gain = 384.645

Report RTL Partitions: 
+-+--------------+------------+----------+
| |RTL Partition |Replication |Instances |
+-+--------------+------------+----------+
+-+--------------+------------+----------+
Finished Parallel Synthesis Optimization  : Time (s): cpu = 00:00:10 ; elapsed = 00:00:10 . Memory (MB): peak = 560.371 ; gain = 384.645
---------------------------------------------------------------------------------
Start Timing Optimization
---------------------------------------------------------------------------------
---------------------------------------------------------------------------------
Start Applying XDC Timing Constraints
---------------------------------------------------------------------------------
---------------------------------------------------------------------------------
Finished Applying XDC Timing Constraints : Time (s): cpu = 00:00:19 ; elapsed = 00:00:19 . Memory (MB): peak = 560.371 ; gain = 384.645
---------------------------------------------------------------------------------
---------------------------------------------------------------------------------
Finished Timing Optimization : Time (s): cpu = 00:00:19 ; elapsed = 00:00:19 . Memory (MB): peak = 560.371 ; gain = 384.645
---------------------------------------------------------------------------------

Report RTL Partitions: 
+-+--------------+------------+----------+
| |RTL Partition |Replication |Instances |
+-+--------------+------------+----------+
+-+--------------+------------+----------+
---------------------------------------------------------------------------------
Start Technology Mapping
---------------------------------------------------------------------------------
---------------------------------------------------------------------------------
Finished Technology Mapping : Time (s): cpu = 00:00:19 ; elapsed = 00:00:19 . Memory (MB): peak = 560.371 ; gain = 384.645
---------------------------------------------------------------------------------

Report RTL Partitions: 
+-+--------------+------------+----------+
| |RTL Partition |Replication |Instances |
+-+--------------+------------+----------+
+-+--------------+------------+----------+
---------------------------------------------------------------------------------
Start IO Insertion
---------------------------------------------------------------------------------
---------------------------------------------------------------------------------
Start Final Netlist Cleanup
---------------------------------------------------------------------------------
---------------------------------------------------------------------------------
Finished Final Netlist Cleanup
---------------------------------------------------------------------------------
---------------------------------------------------------------------------------
Finished IO Insertion : Time (s): cpu = 00:00:19 ; elapsed = 00:00:20 . Memory (MB): peak = 560.371 ; gain = 384.645
---------------------------------------------------------------------------------

Report Check Netlist: 
+------+------------------+-------+---------+-------+------------------+
|      |Item              |Errors |Warnings |Status |Description       |
+------+------------------+-------+---------+-------+------------------+
|1     |multi_driven_nets |      0|        0|Passed |Multi driven nets |
+------+------------------+-------+---------+-------+------------------+
---------------------------------------------------------------------------------
Start Renaming Generated Instances
---------------------------------------------------------------------------------
---------------------------------------------------------------------------------
Finished Renaming Generated Instances : Time (s): cpu = 00:00:19 ; elapsed = 00:00:20 . Memory (MB): peak = 560.371 ; gain = 384.645
---------------------------------------------------------------------------------

Report RTL Partitions: 
+-+--------------+------------+----------+
| |RTL Partition |Replication |Instances |
+-+--------------+------------+----------+
+-+--------------+------------+----------+
---------------------------------------------------------------------------------
Start Rebuilding User Hierarchy
---------------------------------------------------------------------------------
---------------------------------------------------------------------------------
Finished Rebuilding User Hierarchy : Time (s): cpu = 00:00:19 ; elapsed = 00:00:20 . Memory (MB): peak = 560.371 ; gain = 384.645
---------------------------------------------------------------------------------
---------------------------------------------------------------------------------
Start Renaming Generated Ports : Time (s): cpu = 00:00:19 ; elapsed = 00:00:20 . Memory (MB): peak = 560.371 ; gain = 384.645
---------------------------------------------------------------------------------
---------------------------------------------------------------------------------
Finished Renaming Generated Ports : Time (s): cpu = 00:00:19 ; elapsed = 00:00:20 . Memory (MB): peak = 560.371 ; gain = 384.645
---------------------------------------------------------------------------------
---------------------------------------------------------------------------------
Start Writing Synthesis Report
---------------------------------------------------------------------------------

Report BlackBoxes: 
+-+--------------+----------+
| |BlackBox name |Instances |
+-+--------------+----------+
+-+--------------+----------+

Report Cell Usage: 
+------+-------+------+
|      |Cell   |Count |
+------+-------+------+
|1     |CARRY4 |     7|
|2     |LUT1   |     1|
|3     |LUT2   |     1|
|4     |LUT3   |     1|
|5     |LUT4   |     9|
|6     |LUT6   |    34|
|7     |FDCE   |    33|
|8     |IBUF   |     2|
|9     |IBUFG  |     1|
|10    |OBUF   |    13|
+------+-------+------+

Report Instance Areas: 
+------+---------+----------+------+
|      |Instance |Module    |Cells |
+------+---------+----------+------+
|1     |top      |          |   102|
|2     |  u1     |clocks    |    72|
|3     |  u2     |increment |    15|
+------+---------+----------+------+
---------------------------------------------------------------------------------
Finished Writing Synthesis Report : Time (s): cpu = 00:00:19 ; elapsed = 00:00:20 . Memory (MB): peak = 560.371 ; gain = 384.645
---------------------------------------------------------------------------------
Synthesis finished with 0 errors, 0 critical warnings and 5 warnings.
Synthesis Optimization Runtime : Time (s): cpu = 00:00:12 ; elapsed = 00:00:15 . Memory (MB): peak = 560.371 ; gain = 86.254
Synthesis Optimization Complete : Time (s): cpu = 00:00:19 ; elapsed = 00:00:20 . Memory (MB): peak = 560.371 ; gain = 384.645
INFO: [Project 1-571] Translating synthesized netlist
INFO: [Netlist 29-17] Analyzing 10 Unisim elements for replacement
INFO: [Netlist 29-28] Unisim Transformation completed in 0 CPU seconds
INFO: [Project 1-570] Preparing netlist for logic optimization
INFO: [Opt 31-138] Pushed 0 inverter(s) to 0 load pin(s).
INFO: [Project 1-111] Unisim Transformation Summary:
  A total of 1 instances were transformed.
  IBUFG => IBUF: 1 instances

INFO: [Common 17-83] Releasing license: Synthesis
28 Infos, 10 Warnings, 0 Critical Warnings and 0 Errors encountered.
synth_design completed successfully
synth_design: Time (s): cpu = 00:00:18 ; elapsed = 00:00:19 . Memory (MB): peak = 560.371 ; gain = 372.328
report_utilization: Time (s): cpu = 00:00:00 ; elapsed = 00:00:00.047 . Memory (MB): peak = 560.371 ; gain = 0.000
INFO: [Common 17-206] Exiting Vivado at Sun May 01 14:19:27 2016...
